
> front@0.1.0 build
> next build

- info Linting and checking validity of types...
- info Creating an optimized production build...
- info Compiled successfully
- info Collecting page data...
- info Generating static pages (0/3)
- info Generating static pages (3/3)
- info Finalizing page optimization...

Route (pages)                              Size     First Load JS
┌ ○ /                                      5.39 kB          81 kB
├   └ css/e27f071dcd00fdfa.css             611 B
├   /_app                                  0 B            75.6 kB
└ ○ /404                                   181 B          75.8 kB
+ First Load JS shared by all              79 kB
  ├ chunks/framework-c9927c7397c04102.js   45.2 kB
  ├ chunks/main-524f3e77857454ce.js        29.3 kB
  ├ chunks/pages/_app-57662580b724fa0d.js  297 B
  ├ chunks/webpack-8fa1640cc84ba8fe.js     750 B
  └ css/094941fd271b03b8.css               3.38 kB

○  (Static)  automatically rendered as static HTML (uses no initial props)

